<?xml version="1.0" encoding="UTF-8"?>
<!-- Generated by org.testng.reporters.JUnitReportReporter -->
<testsuite hostname="LAPTOP-IVSO33ML" name="loginscenerio.Login1" tests="3" failures="0" timestamp="25 Aug 2021 12:57:55 GMT" time="0.007" errors="0">
  <testcase name="varifylogin2" time="0.005" classname="loginscenerio.Login1"/>
  <testcase name="varifylogin3" time="0.001" classname="loginscenerio.Login1"/>
  <testcase name="varifylogin" time="0.001" classname="loginscenerio.Login1"/>
</testsuite> <!-- loginscenerio.Login1 -->
