<?xml version="1.0" encoding="UTF-8"?>
<!-- Generated by org.testng.reporters.JUnitReportReporter -->
<testsuite hostname="LAPTOP-IVSO33ML" name="logoffscenerio.Annotations" tests="2" failures="0" timestamp="6 Aug 2021 17:06:56 GMT" time="0.004" errors="0">
  <testcase name="window2" time="0.001" classname="logoffscenerio.Annotations"/>
  <testcase name="window1" time="0.003" classname="logoffscenerio.Annotations"/>
</testsuite> <!-- logoffscenerio.Annotations -->
