<?xml version="1.0" encoding="UTF-8"?>
<!-- Generated by org.testng.reporters.JUnitReportReporter -->
<testsuite hostname="LAPTOP-IVSO33ML" name="testNGDemo.Check4" tests="1" failures="0" timestamp="2 Sep 2021 18:07:26 GMT" time="0.007" errors="0">
  <testcase name="che" time="0.007" classname="testNGDemo.Check4"/>
</testsuite> <!-- testNGDemo.Check4 -->
