<?xml version="1.0" encoding="UTF-8"?>
<!-- Generated by org.testng.reporters.JUnitReportReporter -->
<testsuite hostname="LAPTOP-IVSO33ML" name="filldetailscenerio.Fill1" tests="3" failures="0" timestamp="5 Aug 2021 18:39:47 GMT" time="0.009" errors="0">
  <testcase name="fill13" time="0.000" classname="filldetailscenerio.Fill1"/>
  <testcase name="fill121" time="0.001" classname="filldetailscenerio.Fill1"/>
  <testcase name="fill12" time="0.008" classname="filldetailscenerio.Fill1"/>
</testsuite> <!-- filldetailscenerio.Fill1 -->
