<?xml version="1.0" encoding="UTF-8"?>
<!-- Generated by org.testng.reporters.JUnitReportReporter -->
<testsuite hostname="LAPTOP-IVSO33ML" name="testNGDemo.Excellfetchingpractice" tests="1" failures="0" timestamp="29 Oct 2021 13:07:38 GMT" time="0.441" errors="0">
  <testcase name="fetchsheet" time="0.441" classname="testNGDemo.Excellfetchingpractice"/>
</testsuite> <!-- testNGDemo.Excellfetchingpractice -->
