<?xml version="1.0" encoding="UTF-8"?>
<!-- Generated by org.testng.reporters.JUnitReportReporter -->
<testsuite hostname="LAPTOP-IVSO33ML" name="testNGDemo.Prac1" tests="1" failures="0" timestamp="22 Sep 2021 05:43:12 GMT" time="0.008" errors="0">
  <testcase name="testcase3" time="0.008" classname="testNGDemo.Prac1"/>
</testsuite> <!-- testNGDemo.Prac1 -->
