<?xml version="1.0" encoding="UTF-8"?>
<!-- Generated by org.testng.reporters.JUnitReportReporter -->
<testsuite hostname="LAPTOP-IVSO33ML" name="Webapp3.FacebookAutomation3.Baseclass.webBase3" tests="1" failures="0" timestamp="7 Sep 2021 19:25:30 GMT" time="3.240" errors="0">
  <testcase name="init" time="3.240" classname="Webapp3.FacebookAutomation3.Baseclass.webBase3"/>
</testsuite> <!-- Webapp3.FacebookAutomation3.Baseclass.webBase3 -->
