<?xml version="1.0" encoding="UTF-8"?>
<!-- Generated by org.testng.reporters.JUnitReportReporter -->
<testsuite hostname="LAPTOP-IVSO33ML" name="Limepay.Amazon.Base.baseclass" tests="1" failures="0" timestamp="11 Nov 2021 08:08:43 GMT" time="4.035" errors="0">
  <testcase name="openurl" time="4.035" classname="Limepay.Amazon.Base.baseclass"/>
</testsuite> <!-- Limepay.Amazon.Base.baseclass -->
