<?xml version="1.0" encoding="UTF-8"?>
<!-- Generated by org.testng.reporters.JUnitReportReporter -->
<testsuite hostname="LAPTOP-IVSO33ML" name="Limepay.Amazon.loginTC" tests="2" failures="0" timestamp="15 Nov 2021 12:25:41 GMT" time="4.735" errors="0">
  <testcase name="joinmembers2" time="1.298" classname="Limepay.Amazon.loginTC"/>
  <testcase name="joinmembers" time="3.437" classname="Limepay.Amazon.loginTC"/>
</testsuite> <!-- Limepay.Amazon.loginTC -->
