<?xml version="1.0" encoding="UTF-8"?>
<!-- Generated by org.testng.reporters.JUnitReportReporter -->
<testsuite hostname="LAPTOP-IVSO33ML" name="Limepay.Amazon.logintc2" tests="1" failures="0" timestamp="15 Nov 2021 12:25:41 GMT" time="0.000" errors="0">
  <testcase name="script" time="0.000" classname="Limepay.Amazon.logintc2"/>
</testsuite> <!-- Limepay.Amazon.logintc2 -->
