<?xml version="1.0" encoding="UTF-8"?>
<!-- Generated by org.testng.reporters.JUnitReportReporter -->
<testsuite hostname="LAPTOP-IVSO33ML" name="Limepay.TechChallenge.Baseclass.openurl" tests="1" failures="0" timestamp="29 Sep 2021 19:49:28 GMT" time="18.275" errors="0">
  <testcase name="hous" time="18.275" classname="Limepay.TechChallenge.Baseclass.openurl"/>
</testsuite> <!-- Limepay.TechChallenge.Baseclass.openurl -->
