<?xml version="1.0" encoding="UTF-8"?>
<!-- Generated by org.testng.reporters.JUnitReportReporter -->
<testsuite hostname="LAPTOP-IVSO33ML" name="Subtest.Test.webBaseTest" tests="1" failures="0" timestamp="4 Sep 2021 09:28:15 GMT" time="0.021" errors="0">
  <testcase name="init" time="0.021" classname="Subtest.Test.webBaseTest"/>
</testsuite> <!-- Subtest.Test.webBaseTest -->
