<?xml version="1.0" encoding="UTF-8"?>
<!-- Generated by org.testng.reporters.JUnitReportReporter -->
<testsuite hostname="LAPTOP-IVSO33ML" name="WebApp.FacebookAutomation.BaseClass.webBaseTest" tests="1" failures="0" timestamp="7 Sep 2021 08:25:14 GMT" time="0.010" errors="0">
  <testcase name="init" time="0.010" classname="WebApp.FacebookAutomation.BaseClass.webBaseTest"/>
</testsuite> <!-- WebApp.FacebookAutomation.BaseClass.webBaseTest -->
