<?xml version="1.0" encoding="UTF-8"?>
<!-- Generated by org.testng.reporters.JUnitReportReporter -->
<testsuite hostname="LAPTOP-IVSO33ML" name="Webapp.BeatBlip.Base.baseclass" tests="1" failures="0" timestamp="18 Nov 2021 12:47:22 GMT" time="69.498" errors="0">
  <testcase name="setupwebpage" time="69.498" classname="Webapp.BeatBlip.Base.baseclass"/>
</testsuite> <!-- Webapp.BeatBlip.Base.baseclass -->
