<?xml version="1.0" encoding="UTF-8"?>
<!-- Generated by org.testng.reporters.JUnitReportReporter -->
<testsuite hostname="LAPTOP-IVSO33ML" name="Webapp.BeatBlip.TS002_Deleteproject" tests="1" failures="0" timestamp="6 Dec 2021 07:19:58 GMT" time="24.228" errors="0">
  <testcase name="deleteprojectscript" time="24.228" classname="Webapp.BeatBlip.TS002_Deleteproject"/>
</testsuite> <!-- Webapp.BeatBlip.TS002_Deleteproject -->
