<?xml version="1.0" encoding="UTF-8"?>
<!-- Generated by org.testng.reporters.JUnitReportReporter -->
<testsuite hostname="LAPTOP-IVSO33ML" name="Webapp.BeatBlip.Sprint1TC" tests="1" failures="0" timestamp="19 Nov 2021 18:51:01 GMT" time="21.824" errors="0">
  <testcase name="login2" time="21.824" classname="Webapp.BeatBlip.Sprint1TC"/>
</testsuite> <!-- Webapp.BeatBlip.Sprint1TC -->
