<?xml version="1.0" encoding="UTF-8"?>
<!-- Generated by org.testng.reporters.JUnitReportReporter -->
<testsuite hostname="LAPTOP-IVSO33ML" name="Webapp.BeatBlip.TS003_addurl" tests="1" failures="0" timestamp="6 Dec 2021 07:27:17 GMT" time="31.711" errors="0">
  <testcase name="deleteprojectscript" time="31.711" classname="Webapp.BeatBlip.TS003_addurl"/>
</testsuite> <!-- Webapp.BeatBlip.TS003_addurl -->
