<?xml version="1.0" encoding="UTF-8"?>
<!-- Generated by org.testng.reporters.JUnitReportReporter -->
<testsuite hostname="LAPTOP-IVSO33ML" name="Webapp.BeatBlip.TS003_Automateclick" tests="1" failures="0" timestamp="29 Nov 2021 11:46:45 GMT" time="41.157" errors="0">
  <testcase name="deleteprojectscript" time="41.157" classname="Webapp.BeatBlip.TS003_Automateclick"/>
</testsuite> <!-- Webapp.BeatBlip.TS003_Automateclick -->
