<?xml version="1.0" encoding="UTF-8"?>
<!-- Generated by org.testng.reporters.JUnitReportReporter -->
<testsuite hostname="LAPTOP-IVSO33ML" name="Webapp.BeatBlip.Deleteproject" tests="1" failures="0" timestamp="19 Nov 2021 19:30:54 GMT" time="18.896" errors="0">
  <testcase name="deleteprojectscript" time="18.896" classname="Webapp.BeatBlip.Deleteproject"/>
</testsuite> <!-- Webapp.BeatBlip.Deleteproject -->
