<?xml version="1.0" encoding="UTF-8"?>
<!-- Generated by org.testng.reporters.JUnitReportReporter -->
<testsuite hostname="LAPTOP-IVSO33ML" name="Webapp.BeatBlip.TS004_Automateclick" tests="1" failures="0" timestamp="6 Dec 2021 07:37:07 GMT" time="20.798" errors="0">
  <testcase name="deleteprojectscript" time="20.798" classname="Webapp.BeatBlip.TS004_Automateclick"/>
</testsuite> <!-- Webapp.BeatBlip.TS004_Automateclick -->
